[0.018s] Invoking command in '/home/oh/slam_ws/build/ros2_aruco_interfaces': CMAKE_PREFIX_PATH=/opt/ros/humble /usr/bin/cmake /home/oh/slam_ws/src/ros2_aruco/ros2_aruco_interfaces -DAMENT_CMAKE_SYMLINK_INSTALL=1 -DCMAKE_INSTALL_PREFIX=/home/oh/slam_ws/install/ros2_aruco_interfaces
[0.047s] -- Found ament_cmake: 1.3.8 (/opt/ros/humble/share/ament_cmake/cmake)
[0.270s] -- Override CMake install command with custom implementation using symlinks instead of copying resources
[0.294s] -- Found geometry_msgs: 4.2.3 (/opt/ros/humble/share/geometry_msgs/cmake)
[0.353s] -- Found rosidl_generator_c: 3.1.5 (/opt/ros/humble/share/rosidl_generator_c/cmake)
[0.358s] -- Found rosidl_adapter: 3.1.5 (/opt/ros/humble/share/rosidl_adapter/cmake)
[0.372s] -- Found rosidl_generator_cpp: 3.1.5 (/opt/ros/humble/share/rosidl_generator_cpp/cmake)
[0.396s] -- Using all available rosidl_typesupport_c: rosidl_typesupport_fastrtps_c;rosidl_typesupport_introspection_c
[0.428s] -- Using all available rosidl_typesupport_cpp: rosidl_typesupport_fastrtps_cpp;rosidl_typesupport_introspection_cpp
[0.639s] -- Found rosidl_default_generators: 1.2.0 (/opt/ros/humble/share/rosidl_default_generators/cmake)
[1.162s] -- Found ament_cmake_ros: 0.10.0 (/opt/ros/humble/share/ament_cmake_ros/cmake)
[1.890s] -- Using all available rosidl_typesupport_c: rosidl_typesupport_fastrtps_c;rosidl_typesupport_introspection_c
[2.178s] -- Using all available rosidl_typesupport_cpp: rosidl_typesupport_fastrtps_cpp;rosidl_typesupport_introspection_cpp
[2.220s] -- Found python_cmake_module: 0.10.0 (/opt/ros/humble/share/python_cmake_module/cmake)
[2.261s] -- Using PYTHON_EXECUTABLE: /usr/bin/python3
[2.262s] -- Using PYTHON_INCLUDE_DIRS: /usr/include/python3.10
[2.262s] -- Using PYTHON_LIBRARIES: /usr/lib/x86_64-linux-gnu/libpython3.10.so
[2.332s] -- Found ament_lint_auto: 0.12.10 (/opt/ros/humble/share/ament_lint_auto/cmake)
[2.361s] -- Added test 'copyright' to check source files copyright and LICENSE
[2.363s] -- Added test 'lint_cmake' to check CMake code style
[2.365s] -- Added test 'xmllint' to check XML markup files
[2.371s] -- Configuring done
[2.455s] -- Generating done
[2.460s] -- Build files have been written to: /home/oh/slam_ws/build/ros2_aruco_interfaces
[2.475s] Invoked command in '/home/oh/slam_ws/build/ros2_aruco_interfaces' returned '0': CMAKE_PREFIX_PATH=/opt/ros/humble /usr/bin/cmake /home/oh/slam_ws/src/ros2_aruco/ros2_aruco_interfaces -DAMENT_CMAKE_SYMLINK_INSTALL=1 -DCMAKE_INSTALL_PREFIX=/home/oh/slam_ws/install/ros2_aruco_interfaces
[2.477s] Invoking command in '/home/oh/slam_ws/build/ros2_aruco_interfaces': CMAKE_PREFIX_PATH=/opt/ros/humble /usr/bin/cmake --build /home/oh/slam_ws/build/ros2_aruco_interfaces -- -j8 -l8
[2.538s] [35m[1mConsolidate compiler generated dependencies of target ros2_aruco_interfaces__rosidl_generator_c[0m
[2.551s] failed to create symbolic link '/home/oh/slam_ws/build/ros2_aruco_interfaces/ament_cmake_python/ros2_aruco_interfaces/ros2_aruco_interfaces' because existing path cannot be removed: Is a directory
[2.552s] [  3%] Built target ros2_aruco_interfaces__cpp
[2.552s] gmake[2]: *** [CMakeFiles/ament_cmake_python_symlink_ros2_aruco_interfaces.dir/build.make:70: CMakeFiles/ament_cmake_python_symlink_ros2_aruco_interfaces] Error 1
[2.552s] gmake[1]: *** [CMakeFiles/Makefile2:421: CMakeFiles/ament_cmake_python_symlink_ros2_aruco_interfaces.dir/all] Error 2
[2.553s] gmake[1]: *** Waiting for unfinished jobs....
[2.554s] [ 12%] Built target ros2_aruco_interfaces__rosidl_generator_c
[2.556s] gmake: *** [Makefile:146: all] Error 2
[2.559s] Invoked command in '/home/oh/slam_ws/build/ros2_aruco_interfaces' returned '2': CMAKE_PREFIX_PATH=/opt/ros/humble /usr/bin/cmake --build /home/oh/slam_ws/build/ros2_aruco_interfaces -- -j8 -l8
