[0.160s] Invoking command in '/home/oh/slam_ws/build/ros2_aruco_interfaces': CMAKE_PREFIX_PATH=${CMAKE_PREFIX_PATH}:/home/oh/slam_ws/install/ros2_aruco:/home/oh/slam_ws/install/my_tf_package:/home/oh/slam_ws/install/my_tf2_package:/home/oh/slam_ws/install/my_docking:/home/oh/slam_ws/install/my_aruco_to_goal_pose_pkg:/home/oh/slam_ws/install/escape_from_cart:/opt/ros/humble /usr/bin/cmake /home/oh/slam_ws/src/ros2_aruco/ros2_aruco_interfaces -DCMAKE_INSTALL_PREFIX=/home/oh/slam_ws/install/ros2_aruco_interfaces
[0.247s] -- Found ament_cmake: 1.3.8 (/opt/ros/humble/share/ament_cmake/cmake)
[1.190s] -- Override CMake install command with custom implementation using symlinks instead of copying resources
[1.253s] -- Found geometry_msgs: 4.2.3 (/opt/ros/humble/share/geometry_msgs/cmake)
[1.482s] -- Found rosidl_generator_c: 3.1.5 (/opt/ros/humble/share/rosidl_generator_c/cmake)
[1.491s] -- Found rosidl_adapter: 3.1.5 (/opt/ros/humble/share/rosidl_adapter/cmake)
[1.539s] -- Found rosidl_generator_cpp: 3.1.5 (/opt/ros/humble/share/rosidl_generator_cpp/cmake)
[1.642s] -- Using all available rosidl_typesupport_c: rosidl_typesupport_fastrtps_c;rosidl_typesupport_introspection_c
[1.777s] -- Using all available rosidl_typesupport_cpp: rosidl_typesupport_fastrtps_cpp;rosidl_typesupport_introspection_cpp
[2.538s] -- Found rosidl_default_generators: 1.2.0 (/opt/ros/humble/share/rosidl_default_generators/cmake)
[4.839s] -- Found ament_cmake_ros: 0.10.0 (/opt/ros/humble/share/ament_cmake_ros/cmake)
[8.116s] -- Using all available rosidl_typesupport_c: rosidl_typesupport_fastrtps_c;rosidl_typesupport_introspection_c
[9.388s] -- Using all available rosidl_typesupport_cpp: rosidl_typesupport_fastrtps_cpp;rosidl_typesupport_introspection_cpp
[9.617s] -- Found python_cmake_module: 0.10.0 (/opt/ros/humble/share/python_cmake_module/cmake)
[9.806s] -- Using PYTHON_EXECUTABLE: /usr/bin/python3
[9.806s] -- Using PYTHON_INCLUDE_DIRS: /usr/include/python3.10
[9.806s] -- Using PYTHON_LIBRARIES: /usr/lib/x86_64-linux-gnu/libpython3.10.so
[10.364s] -- Found ament_lint_auto: 0.12.10 (/opt/ros/humble/share/ament_lint_auto/cmake)
[10.441s] -- Added test 'copyright' to check source files copyright and LICENSE
[10.445s] -- Added test 'lint_cmake' to check CMake code style
[10.448s] -- Added test 'xmllint' to check XML markup files
[10.486s] -- Configuring done
[10.795s] -- Generating done
[10.813s] -- Build files have been written to: /home/oh/slam_ws/build/ros2_aruco_interfaces
[10.864s] Invoked command in '/home/oh/slam_ws/build/ros2_aruco_interfaces' returned '0': CMAKE_PREFIX_PATH=${CMAKE_PREFIX_PATH}:/home/oh/slam_ws/install/ros2_aruco:/home/oh/slam_ws/install/my_tf_package:/home/oh/slam_ws/install/my_tf2_package:/home/oh/slam_ws/install/my_docking:/home/oh/slam_ws/install/my_aruco_to_goal_pose_pkg:/home/oh/slam_ws/install/escape_from_cart:/opt/ros/humble /usr/bin/cmake /home/oh/slam_ws/src/ros2_aruco/ros2_aruco_interfaces -DCMAKE_INSTALL_PREFIX=/home/oh/slam_ws/install/ros2_aruco_interfaces
[10.866s] Invoking command in '/home/oh/slam_ws/build/ros2_aruco_interfaces': CMAKE_PREFIX_PATH=${CMAKE_PREFIX_PATH}:/home/oh/slam_ws/install/ros2_aruco:/home/oh/slam_ws/install/my_tf_package:/home/oh/slam_ws/install/my_tf2_package:/home/oh/slam_ws/install/my_docking:/home/oh/slam_ws/install/my_aruco_to_goal_pose_pkg:/home/oh/slam_ws/install/escape_from_cart:/opt/ros/humble /usr/bin/cmake --build /home/oh/slam_ws/build/ros2_aruco_interfaces -- -j8 -l8
[11.210s] [35m[1mConsolidate compiler generated dependencies of target ros2_aruco_interfaces__rosidl_generator_c[0m
[11.261s] [  3%] Built target ros2_aruco_interfaces__cpp
[11.319s] [ 12%] Built target ros2_aruco_interfaces__rosidl_generator_c
[11.336s] failed to create symbolic link '/home/oh/slam_ws/build/ros2_aruco_interfaces/ament_cmake_python/ros2_aruco_interfaces/ros2_aruco_interfaces' because existing path cannot be removed: Is a directory
[11.350s] gmake[2]: *** [CMakeFiles/ament_cmake_python_symlink_ros2_aruco_interfaces.dir/build.make:70: CMakeFiles/ament_cmake_python_symlink_ros2_aruco_interfaces] Error 1
[11.357s] gmake[1]: *** [CMakeFiles/Makefile2:421: CMakeFiles/ament_cmake_python_symlink_ros2_aruco_interfaces.dir/all] Error 2
[11.357s] gmake[1]: *** Waiting for unfinished jobs....
[11.398s] [35m[1mConsolidate compiler generated dependencies of target ros2_aruco_interfaces__rosidl_typesupport_introspection_c[0m
[11.398s] [35m[1mConsolidate compiler generated dependencies of target ros2_aruco_interfaces__rosidl_typesupport_cpp[0m
[11.398s] [35m[1mConsolidate compiler generated dependencies of target ros2_aruco_interfaces__rosidl_typesupport_introspection_cpp[0m
[11.398s] [35m[1mConsolidate compiler generated dependencies of target ros2_aruco_interfaces__rosidl_typesupport_fastrtps_cpp[0m
[11.461s] [35m[1mConsolidate compiler generated dependencies of target ros2_aruco_interfaces__rosidl_typesupport_c[0m
[11.479s] [35m[1mConsolidate compiler generated dependencies of target ros2_aruco_interfaces__rosidl_typesupport_fastrtps_c[0m
[11.521s] [ 22%] Built target ros2_aruco_interfaces__rosidl_typesupport_introspection_c
[11.551s] [ 32%] Built target ros2_aruco_interfaces__rosidl_typesupport_cpp
[11.596s] [ 41%] Built target ros2_aruco_interfaces__rosidl_typesupport_fastrtps_cpp
[11.604s] [ 51%] Built target ros2_aruco_interfaces__rosidl_typesupport_introspection_cpp
[11.613s] [ 61%] Built target ros2_aruco_interfaces__rosidl_typesupport_c
[11.655s] [ 70%] Built target ros2_aruco_interfaces__rosidl_typesupport_fastrtps_c
[11.666s] gmake: *** [Makefile:146: all] Error 2
[11.688s] Invoked command in '/home/oh/slam_ws/build/ros2_aruco_interfaces' returned '2': CMAKE_PREFIX_PATH=${CMAKE_PREFIX_PATH}:/home/oh/slam_ws/install/ros2_aruco:/home/oh/slam_ws/install/my_tf_package:/home/oh/slam_ws/install/my_tf2_package:/home/oh/slam_ws/install/my_docking:/home/oh/slam_ws/install/my_aruco_to_goal_pose_pkg:/home/oh/slam_ws/install/escape_from_cart:/opt/ros/humble /usr/bin/cmake --build /home/oh/slam_ws/build/ros2_aruco_interfaces -- -j8 -l8
